2025-06-09 07:18:39,359 [Worker-2: Loading available Gradle versions] INFO  o.e.b.c.i.u.g.PublishedGradleVersions - Gradle version information cache is not available. Remote download required.
2025-06-09 07:19:18,835 [Worker-8: Importing Maven projects] INFO  o.e.m.c.i.l.LifecycleMappingFactory - Using org.eclipse.m2e.jdt.JarLifecycleMapping lifecycle mapping for MavenProject: com.hex:codingchallenge:0.0.1-SNAPSHOT @ C:\Users\gvarc\Desktop\Java FSD Coding Challenge\codingchallenge\pom.xml.
2025-06-09 07:19:20,162 [Worker-8: Importing Maven projects] INFO  o.e.m.j.i.AbstractJavaProjectConfigurator - Adding source folder /codingchallenge/src/main/java
2025-06-09 07:19:20,166 [Worker-8: Importing Maven projects] INFO  o.e.m.j.i.AbstractJavaProjectConfigurator - Adding resource folder /codingchallenge/src/main/resources
2025-06-09 07:19:20,176 [Worker-8: Importing Maven projects] INFO  o.e.m.j.i.AbstractJavaProjectConfigurator - Adding resource folder /codingchallenge/src/main/resources
2025-06-09 07:19:20,185 [Worker-8: Importing Maven projects] INFO  o.e.m.j.i.AbstractJavaProjectConfigurator - Adding source folder /codingchallenge/src/test/java
2025-06-09 07:19:20,187 [Worker-8: Importing Maven projects] INFO  o.e.m.j.i.AbstractJavaProjectConfigurator - Adding resource folder /codingchallenge/src/test/resources
2025-06-09 07:19:21,482 [Worker-8: Importing Maven projects] INFO  o.e.m.c.i.p.ProjectConfigurationManager - Imported and configured 1 project(s) in 5 sec
2025-06-09 07:19:22,509 [Worker-11: Building] INFO  o.a.m.s.f.DefaultMavenResourcesFiltering - Copying 1 resource from src\main\resources to target\classes
2025-06-09 07:19:22,526 [Worker-11: Building] INFO  o.a.m.s.f.DefaultMavenResourcesFiltering - Copying 0 resource from src\main\resources to target\classes
2025-06-09 07:19:22,533 [Worker-11: Building] INFO  o.a.m.s.f.DefaultMavenResourcesFiltering - skip non existing resourceDirectory C:\Users\gvarc\Desktop\Java FSD Coding Challenge\codingchallenge\src\test\resources
2025-06-09 07:19:42,003 [Worker-5: Building] INFO  o.e.m.c.i.l.LifecycleMappingFactory - Using org.eclipse.m2e.jdt.JarLifecycleMapping lifecycle mapping for MavenProject: com.hex:codingchallenge:0.0.1-SNAPSHOT @ C:\Users\gvarc\Desktop\Java FSD Coding Challenge\codingchallenge\pom.xml.
2025-06-09 07:19:42,713 [Worker-5: Building] INFO  o.a.m.s.f.DefaultMavenResourcesFiltering - Copying 0 resource from src\main\resources to target\classes
2025-06-09 07:19:42,715 [Worker-5: Building] INFO  o.a.m.s.f.DefaultMavenResourcesFiltering - Copying 0 resource from src\main\resources to target\classes
2025-06-09 07:19:42,721 [Worker-5: Building] INFO  o.a.m.s.f.DefaultMavenResourcesFiltering - skip non existing resourceDirectory C:\Users\gvarc\Desktop\Java FSD Coding Challenge\codingchallenge\src\test\resources
2025-06-09 07:21:02,193 [Worker-10: Building] INFO  o.a.m.s.f.DefaultMavenResourcesFiltering - Copying 1 resource from src\main\resources to target\classes
2025-06-09 07:21:02,205 [Worker-10: Building] INFO  o.a.m.s.f.DefaultMavenResourcesFiltering - Copying 0 resource from src\main\resources to target\classes
2025-06-09 07:21:02,208 [Worker-10: Building] INFO  o.a.m.s.f.DefaultMavenResourcesFiltering - skip non existing resourceDirectory C:\Users\gvarc\Desktop\Java FSD Coding Challenge\codingchallenge\src\test\resources
2025-06-09 07:22:52,285 [Worker-4: Building] INFO  o.a.m.s.f.DefaultMavenResourcesFiltering - Copying 1 resource from src\main\resources to target\classes
2025-06-09 07:22:52,291 [Worker-4: Building] INFO  o.a.m.s.f.DefaultMavenResourcesFiltering - Copying 0 resource from src\main\resources to target\classes
2025-06-09 07:22:52,295 [Worker-4: Building] INFO  o.a.m.s.f.DefaultMavenResourcesFiltering - skip non existing resourceDirectory C:\Users\gvarc\Desktop\Java FSD Coding Challenge\codingchallenge\src\test\resources
2025-06-09 07:25:54,399 [Worker-2: Building] INFO  o.a.m.s.f.DefaultMavenResourcesFiltering - Copying 1 resource from src\main\resources to target\classes
2025-06-09 07:25:54,415 [Worker-2: Building] INFO  o.a.m.s.f.DefaultMavenResourcesFiltering - Copying 0 resource from src\main\resources to target\classes
2025-06-09 07:25:54,421 [Worker-2: Building] INFO  o.a.m.s.f.DefaultMavenResourcesFiltering - skip non existing resourceDirectory C:\Users\gvarc\Desktop\Java FSD Coding Challenge\codingchallenge\src\test\resources
2025-06-09 07:28:00,207 [Worker-2: Building] INFO  o.a.m.s.f.DefaultMavenResourcesFiltering - Copying 1 resource from src\main\resources to target\classes
2025-06-09 07:28:00,211 [Worker-2: Building] INFO  o.a.m.s.f.DefaultMavenResourcesFiltering - Copying 0 resource from src\main\resources to target\classes
2025-06-09 07:28:00,214 [Worker-2: Building] INFO  o.a.m.s.f.DefaultMavenResourcesFiltering - skip non existing resourceDirectory C:\Users\gvarc\Desktop\Java FSD Coding Challenge\codingchallenge\src\test\resources
2025-06-09 07:30:28,644 [Worker-11: Building] INFO  o.a.m.s.f.DefaultMavenResourcesFiltering - Copying 1 resource from src\main\resources to target\classes
2025-06-09 07:30:28,649 [Worker-11: Building] INFO  o.a.m.s.f.DefaultMavenResourcesFiltering - Copying 0 resource from src\main\resources to target\classes
2025-06-09 07:30:28,652 [Worker-11: Building] INFO  o.a.m.s.f.DefaultMavenResourcesFiltering - skip non existing resourceDirectory C:\Users\gvarc\Desktop\Java FSD Coding Challenge\codingchallenge\src\test\resources
2025-06-09 07:30:51,519 [Worker-11: Building] INFO  o.a.m.s.f.DefaultMavenResourcesFiltering - Copying 1 resource from src\main\resources to target\classes
2025-06-09 07:30:51,525 [Worker-11: Building] INFO  o.a.m.s.f.DefaultMavenResourcesFiltering - Copying 0 resource from src\main\resources to target\classes
2025-06-09 07:30:51,528 [Worker-11: Building] INFO  o.a.m.s.f.DefaultMavenResourcesFiltering - skip non existing resourceDirectory C:\Users\gvarc\Desktop\Java FSD Coding Challenge\codingchallenge\src\test\resources
2025-06-09 07:31:14,988 [Worker-6: Building] INFO  o.a.m.s.f.DefaultMavenResourcesFiltering - Copying 1 resource from src\main\resources to target\classes
2025-06-09 07:31:14,993 [Worker-6: Building] INFO  o.a.m.s.f.DefaultMavenResourcesFiltering - Copying 0 resource from src\main\resources to target\classes
2025-06-09 07:31:14,996 [Worker-6: Building] INFO  o.a.m.s.f.DefaultMavenResourcesFiltering - skip non existing resourceDirectory C:\Users\gvarc\Desktop\Java FSD Coding Challenge\codingchallenge\src\test\resources
2025-06-09 07:31:38,843 [Worker-6: Building] INFO  o.a.m.s.f.DefaultMavenResourcesFiltering - Copying 1 resource from src\main\resources to target\classes
2025-06-09 07:31:38,848 [Worker-6: Building] INFO  o.a.m.s.f.DefaultMavenResourcesFiltering - Copying 0 resource from src\main\resources to target\classes
2025-06-09 07:31:38,852 [Worker-6: Building] INFO  o.a.m.s.f.DefaultMavenResourcesFiltering - skip non existing resourceDirectory C:\Users\gvarc\Desktop\Java FSD Coding Challenge\codingchallenge\src\test\resources
2025-06-09 07:36:59,106 [Worker-12: Building] INFO  o.a.m.s.f.DefaultMavenResourcesFiltering - Copying 1 resource from src\main\resources to target\classes
2025-06-09 07:36:59,110 [Worker-12: Building] INFO  o.a.m.s.f.DefaultMavenResourcesFiltering - Copying 0 resource from src\main\resources to target\classes
2025-06-09 07:36:59,113 [Worker-12: Building] INFO  o.a.m.s.f.DefaultMavenResourcesFiltering - skip non existing resourceDirectory C:\Users\gvarc\Desktop\Java FSD Coding Challenge\codingchallenge\src\test\resources
2025-06-09 07:40:14,332 [Worker-12: Building] INFO  o.a.m.s.f.DefaultMavenResourcesFiltering - Copying 1 resource from src\main\resources to target\classes
2025-06-09 07:40:14,335 [Worker-12: Building] INFO  o.a.m.s.f.DefaultMavenResourcesFiltering - Copying 0 resource from src\main\resources to target\classes
2025-06-09 07:40:14,336 [Worker-12: Building] INFO  o.a.m.s.f.DefaultMavenResourcesFiltering - skip non existing resourceDirectory C:\Users\gvarc\Desktop\Java FSD Coding Challenge\codingchallenge\src\test\resources
2025-06-09 07:40:17,782 [Worker-2: Building] INFO  o.a.m.s.f.DefaultMavenResourcesFiltering - Copying 1 resource from src\main\resources to target\classes
2025-06-09 07:40:17,786 [Worker-2: Building] INFO  o.a.m.s.f.DefaultMavenResourcesFiltering - Copying 0 resource from src\main\resources to target\classes
2025-06-09 07:40:17,789 [Worker-2: Building] INFO  o.a.m.s.f.DefaultMavenResourcesFiltering - skip non existing resourceDirectory C:\Users\gvarc\Desktop\Java FSD Coding Challenge\codingchallenge\src\test\resources
2025-06-09 07:40:33,754 [Worker-1: Building] INFO  o.a.m.s.f.DefaultMavenResourcesFiltering - Copying 1 resource from src\main\resources to target\classes
2025-06-09 07:40:33,760 [Worker-1: Building] INFO  o.a.m.s.f.DefaultMavenResourcesFiltering - Copying 0 resource from src\main\resources to target\classes
2025-06-09 07:40:33,763 [Worker-1: Building] INFO  o.a.m.s.f.DefaultMavenResourcesFiltering - skip non existing resourceDirectory C:\Users\gvarc\Desktop\Java FSD Coding Challenge\codingchallenge\src\test\resources
2025-06-09 07:41:54,542 [Worker-2: Building] INFO  o.a.m.s.f.DefaultMavenResourcesFiltering - Copying 1 resource from src\main\resources to target\classes
2025-06-09 07:41:54,547 [Worker-2: Building] INFO  o.a.m.s.f.DefaultMavenResourcesFiltering - Copying 0 resource from src\main\resources to target\classes
2025-06-09 07:41:54,550 [Worker-2: Building] INFO  o.a.m.s.f.DefaultMavenResourcesFiltering - skip non existing resourceDirectory C:\Users\gvarc\Desktop\Java FSD Coding Challenge\codingchallenge\src\test\resources
2025-06-09 07:42:21,974 [Worker-12: Building] INFO  o.a.m.s.f.DefaultMavenResourcesFiltering - Copying 1 resource from src\main\resources to target\classes
2025-06-09 07:42:21,977 [Worker-12: Building] INFO  o.a.m.s.f.DefaultMavenResourcesFiltering - Copying 0 resource from src\main\resources to target\classes
2025-06-09 07:42:21,979 [Worker-12: Building] INFO  o.a.m.s.f.DefaultMavenResourcesFiltering - skip non existing resourceDirectory C:\Users\gvarc\Desktop\Java FSD Coding Challenge\codingchallenge\src\test\resources
2025-06-09 07:42:57,731 [Worker-6: Building] INFO  o.a.m.s.f.DefaultMavenResourcesFiltering - Copying 1 resource from src\main\resources to target\classes
2025-06-09 07:42:57,737 [Worker-6: Building] INFO  o.a.m.s.f.DefaultMavenResourcesFiltering - Copying 0 resource from src\main\resources to target\classes
2025-06-09 07:42:57,741 [Worker-6: Building] INFO  o.a.m.s.f.DefaultMavenResourcesFiltering - skip non existing resourceDirectory C:\Users\gvarc\Desktop\Java FSD Coding Challenge\codingchallenge\src\test\resources
2025-06-09 07:45:14,253 [Worker-12: Building] INFO  o.e.m.c.i.l.LifecycleMappingFactory - Using org.eclipse.m2e.jdt.JarLifecycleMapping lifecycle mapping for MavenProject: com.hex:codingchallenge:0.0.1-SNAPSHOT @ C:\Users\gvarc\Desktop\Java FSD Coding Challenge\codingchallenge\pom.xml.
2025-06-09 07:45:15,059 [Worker-12: Building] INFO  o.a.m.s.f.DefaultMavenResourcesFiltering - Copying 0 resource from src\main\resources to target\classes
2025-06-09 07:45:15,060 [Worker-12: Building] INFO  o.a.m.s.f.DefaultMavenResourcesFiltering - Copying 0 resource from src\main\resources to target\classes
2025-06-09 07:45:15,066 [Worker-12: Building] INFO  o.a.m.s.f.DefaultMavenResourcesFiltering - skip non existing resourceDirectory C:\Users\gvarc\Desktop\Java FSD Coding Challenge\codingchallenge\src\test\resources
2025-06-09 07:45:16,269 [Worker-1: Building] INFO  o.a.m.s.f.DefaultMavenResourcesFiltering - Copying 1 resource from src\main\resources to target\classes
2025-06-09 07:45:16,287 [Worker-1: Building] INFO  o.a.m.s.f.DefaultMavenResourcesFiltering - Copying 0 resource from src\main\resources to target\classes
2025-06-09 07:45:16,291 [Worker-1: Building] INFO  o.a.m.s.f.DefaultMavenResourcesFiltering - skip non existing resourceDirectory C:\Users\gvarc\Desktop\Java FSD Coding Challenge\codingchallenge\src\test\resources
2025-06-09 07:45:26,939 [Worker-13: Building] INFO  o.e.m.c.i.l.LifecycleMappingFactory - Using org.eclipse.m2e.jdt.JarLifecycleMapping lifecycle mapping for MavenProject: com.hex:codingchallenge:0.0.1-SNAPSHOT @ C:\Users\gvarc\Desktop\Java FSD Coding Challenge\codingchallenge\pom.xml.
2025-06-09 07:45:27,407 [Worker-13: Building] INFO  o.a.m.s.f.DefaultMavenResourcesFiltering - Copying 0 resource from src\main\resources to target\classes
2025-06-09 07:45:27,407 [Worker-13: Building] INFO  o.a.m.s.f.DefaultMavenResourcesFiltering - Copying 0 resource from src\main\resources to target\classes
2025-06-09 07:45:27,412 [Worker-13: Building] INFO  o.a.m.s.f.DefaultMavenResourcesFiltering - skip non existing resourceDirectory C:\Users\gvarc\Desktop\Java FSD Coding Challenge\codingchallenge\src\test\resources
2025-06-09 07:45:27,743 [Worker-14: Building] INFO  o.a.m.s.f.DefaultMavenResourcesFiltering - Copying 1 resource from src\main\resources to target\classes
2025-06-09 07:45:27,756 [Worker-14: Building] INFO  o.a.m.s.f.DefaultMavenResourcesFiltering - Copying 0 resource from src\main\resources to target\classes
2025-06-09 07:45:27,760 [Worker-14: Building] INFO  o.a.m.s.f.DefaultMavenResourcesFiltering - skip non existing resourceDirectory C:\Users\gvarc\Desktop\Java FSD Coding Challenge\codingchallenge\src\test\resources
2025-06-09 07:45:37,941 [Worker-13: Building] INFO  o.e.m.c.i.l.LifecycleMappingFactory - Using org.eclipse.m2e.jdt.JarLifecycleMapping lifecycle mapping for MavenProject: com.hex:codingchallenge:0.0.1-SNAPSHOT @ C:\Users\gvarc\Desktop\Java FSD Coding Challenge\codingchallenge\pom.xml.
2025-06-09 07:45:38,342 [Worker-13: Building] INFO  o.a.m.s.f.DefaultMavenResourcesFiltering - Copying 0 resource from src\main\resources to target\classes
2025-06-09 07:45:38,342 [Worker-13: Building] INFO  o.a.m.s.f.DefaultMavenResourcesFiltering - Copying 0 resource from src\main\resources to target\classes
2025-06-09 07:45:38,346 [Worker-13: Building] INFO  o.a.m.s.f.DefaultMavenResourcesFiltering - skip non existing resourceDirectory C:\Users\gvarc\Desktop\Java FSD Coding Challenge\codingchallenge\src\test\resources
2025-06-09 07:45:39,527 [Worker-14: Building] INFO  o.a.m.s.f.DefaultMavenResourcesFiltering - Copying 1 resource from src\main\resources to target\classes
2025-06-09 07:45:39,539 [Worker-14: Building] INFO  o.a.m.s.f.DefaultMavenResourcesFiltering - Copying 0 resource from src\main\resources to target\classes
2025-06-09 07:45:39,543 [Worker-14: Building] INFO  o.a.m.s.f.DefaultMavenResourcesFiltering - skip non existing resourceDirectory C:\Users\gvarc\Desktop\Java FSD Coding Challenge\codingchallenge\src\test\resources
2025-06-09 07:46:14,257 [Worker-2: Building] INFO  o.a.m.s.f.DefaultMavenResourcesFiltering - Copying 1 resource from src\main\resources to target\classes
2025-06-09 07:46:14,261 [Worker-2: Building] INFO  o.a.m.s.f.DefaultMavenResourcesFiltering - Copying 0 resource from src\main\resources to target\classes
2025-06-09 07:46:14,263 [Worker-2: Building] INFO  o.a.m.s.f.DefaultMavenResourcesFiltering - skip non existing resourceDirectory C:\Users\gvarc\Desktop\Java FSD Coding Challenge\codingchallenge\src\test\resources
2025-06-09 07:46:33,724 [Worker-6: Building] INFO  o.a.m.s.f.DefaultMavenResourcesFiltering - Copying 1 resource from src\main\resources to target\classes
2025-06-09 07:46:33,728 [Worker-6: Building] INFO  o.a.m.s.f.DefaultMavenResourcesFiltering - Copying 0 resource from src\main\resources to target\classes
2025-06-09 07:46:33,731 [Worker-6: Building] INFO  o.a.m.s.f.DefaultMavenResourcesFiltering - skip non existing resourceDirectory C:\Users\gvarc\Desktop\Java FSD Coding Challenge\codingchallenge\src\test\resources
2025-06-09 07:48:27,256 [Worker-16: Building] INFO  o.a.m.s.f.DefaultMavenResourcesFiltering - Copying 1 resource from src\main\resources to target\classes
2025-06-09 07:48:27,262 [Worker-16: Building] INFO  o.a.m.s.f.DefaultMavenResourcesFiltering - Copying 0 resource from src\main\resources to target\classes
2025-06-09 07:48:27,264 [Worker-16: Building] INFO  o.a.m.s.f.DefaultMavenResourcesFiltering - skip non existing resourceDirectory C:\Users\gvarc\Desktop\Java FSD Coding Challenge\codingchallenge\src\test\resources
2025-06-09 07:48:40,311 [Worker-6: Building] INFO  o.a.m.s.f.DefaultMavenResourcesFiltering - Copying 1 resource from src\main\resources to target\classes
2025-06-09 07:48:40,314 [Worker-6: Building] INFO  o.a.m.s.f.DefaultMavenResourcesFiltering - Copying 0 resource from src\main\resources to target\classes
2025-06-09 07:48:40,316 [Worker-6: Building] INFO  o.a.m.s.f.DefaultMavenResourcesFiltering - skip non existing resourceDirectory C:\Users\gvarc\Desktop\Java FSD Coding Challenge\codingchallenge\src\test\resources
2025-06-09 07:49:04,010 [Worker-2: Building] INFO  o.a.m.s.f.DefaultMavenResourcesFiltering - Copying 1 resource from src\main\resources to target\classes
2025-06-09 07:49:04,015 [Worker-2: Building] INFO  o.a.m.s.f.DefaultMavenResourcesFiltering - Copying 0 resource from src\main\resources to target\classes
2025-06-09 07:49:04,017 [Worker-2: Building] INFO  o.a.m.s.f.DefaultMavenResourcesFiltering - skip non existing resourceDirectory C:\Users\gvarc\Desktop\Java FSD Coding Challenge\codingchallenge\src\test\resources
2025-06-09 07:50:27,947 [Worker-14: Building] INFO  o.a.m.s.f.DefaultMavenResourcesFiltering - Copying 1 resource from src\main\resources to target\classes
2025-06-09 07:50:27,950 [Worker-14: Building] INFO  o.a.m.s.f.DefaultMavenResourcesFiltering - Copying 0 resource from src\main\resources to target\classes
2025-06-09 07:50:27,952 [Worker-14: Building] INFO  o.a.m.s.f.DefaultMavenResourcesFiltering - skip non existing resourceDirectory C:\Users\gvarc\Desktop\Java FSD Coding Challenge\codingchallenge\src\test\resources
2025-06-09 07:50:36,837 [Worker-15: Building] INFO  o.a.m.s.f.DefaultMavenResourcesFiltering - Copying 1 resource from src\main\resources to target\classes
2025-06-09 07:50:36,840 [Worker-15: Building] INFO  o.a.m.s.f.DefaultMavenResourcesFiltering - Copying 0 resource from src\main\resources to target\classes
2025-06-09 07:50:36,842 [Worker-15: Building] INFO  o.a.m.s.f.DefaultMavenResourcesFiltering - skip non existing resourceDirectory C:\Users\gvarc\Desktop\Java FSD Coding Challenge\codingchallenge\src\test\resources
2025-06-09 07:51:02,574 [Worker-15: Launching Executing verify in C__Users_gvarc_Desktop_Java FSD Coding Challenge_codingchallenge] INFO  o.eclipse.m2e.core.internal.Bundles - getClasspathEntries(Bundle=org.eclipse.m2e.maven.runtime_3.9.900.20250220-2013 [361])
2025-06-09 07:51:02,575 [Worker-15: Launching Executing verify in C__Users_gvarc_Desktop_Java FSD Coding Challenge_codingchallenge] INFO  o.eclipse.m2e.core.internal.Bundles - 	Entry: C:\Users\gvarc\Downloads\sts java\sts-4.30.0.RELEASE\plugins\org.eclipse.m2e.maven.runtime_3.9.900.20250220-2013
2025-06-09 07:51:02,575 [Worker-15: Launching Executing verify in C__Users_gvarc_Desktop_Java FSD Coding Challenge_codingchallenge] INFO  o.eclipse.m2e.core.internal.Bundles - 	Entry: C:\Users\gvarc\Downloads\sts java\sts-4.30.0.RELEASE\plugins\org.eclipse.m2e.maven.runtime_3.9.900.20250220-2013\jars\aopalliance-1.0.jar
2025-06-09 07:51:02,575 [Worker-15: Launching Executing verify in C__Users_gvarc_Desktop_Java FSD Coding Challenge_codingchallenge] INFO  o.eclipse.m2e.core.internal.Bundles - 	Entry: C:\Users\gvarc\Downloads\sts java\sts-4.30.0.RELEASE\plugins\org.eclipse.m2e.maven.runtime_3.9.900.20250220-2013\jars\guice-5.1.0.jar
2025-06-09 07:51:02,575 [Worker-15: Launching Executing verify in C__Users_gvarc_Desktop_Java FSD Coding Challenge_codingchallenge] INFO  o.eclipse.m2e.core.internal.Bundles - 	Entry: C:\Users\gvarc\Downloads\sts java\sts-4.30.0.RELEASE\plugins\org.eclipse.m2e.maven.runtime_3.9.900.20250220-2013\jars\httpclient-4.5.14.jar
2025-06-09 07:51:02,576 [Worker-15: Launching Executing verify in C__Users_gvarc_Desktop_Java FSD Coding Challenge_codingchallenge] INFO  o.eclipse.m2e.core.internal.Bundles - 	Entry: C:\Users\gvarc\Downloads\sts java\sts-4.30.0.RELEASE\plugins\org.eclipse.m2e.maven.runtime_3.9.900.20250220-2013\jars\httpcore-4.4.16.jar
2025-06-09 07:51:02,576 [Worker-15: Launching Executing verify in C__Users_gvarc_Desktop_Java FSD Coding Challenge_codingchallenge] INFO  o.eclipse.m2e.core.internal.Bundles - 	Entry: C:\Users\gvarc\Downloads\sts java\sts-4.30.0.RELEASE\plugins\org.eclipse.m2e.maven.runtime_3.9.900.20250220-2013\jars\jansi-2.4.1.jar
2025-06-09 07:51:02,576 [Worker-15: Launching Executing verify in C__Users_gvarc_Desktop_Java FSD Coding Challenge_codingchallenge] INFO  o.eclipse.m2e.core.internal.Bundles - 	Entry: C:\Users\gvarc\Downloads\sts java\sts-4.30.0.RELEASE\plugins\org.eclipse.m2e.maven.runtime_3.9.900.20250220-2013\jars\jcl-over-slf4j-1.7.36.jar
2025-06-09 07:51:02,576 [Worker-15: Launching Executing verify in C__Users_gvarc_Desktop_Java FSD Coding Challenge_codingchallenge] INFO  o.eclipse.m2e.core.internal.Bundles - 	Entry: C:\Users\gvarc\Downloads\sts java\sts-4.30.0.RELEASE\plugins\org.eclipse.m2e.maven.runtime_3.9.900.20250220-2013\jars\maven-artifact-3.9.9.jar
2025-06-09 07:51:02,576 [Worker-15: Launching Executing verify in C__Users_gvarc_Desktop_Java FSD Coding Challenge_codingchallenge] INFO  o.eclipse.m2e.core.internal.Bundles - 	Entry: C:\Users\gvarc\Downloads\sts java\sts-4.30.0.RELEASE\plugins\org.eclipse.m2e.maven.runtime_3.9.900.20250220-2013\jars\maven-builder-support-3.9.9.jar
2025-06-09 07:51:02,576 [Worker-15: Launching Executing verify in C__Users_gvarc_Desktop_Java FSD Coding Challenge_codingchallenge] INFO  o.eclipse.m2e.core.internal.Bundles - 	Entry: C:\Users\gvarc\Downloads\sts java\sts-4.30.0.RELEASE\plugins\org.eclipse.m2e.maven.runtime_3.9.900.20250220-2013\jars\maven-compat-3.9.9.jar
2025-06-09 07:51:02,576 [Worker-15: Launching Executing verify in C__Users_gvarc_Desktop_Java FSD Coding Challenge_codingchallenge] INFO  o.eclipse.m2e.core.internal.Bundles - 	Entry: C:\Users\gvarc\Downloads\sts java\sts-4.30.0.RELEASE\plugins\org.eclipse.m2e.maven.runtime_3.9.900.20250220-2013\jars\maven-core-3.9.9.jar
2025-06-09 07:51:02,576 [Worker-15: Launching Executing verify in C__Users_gvarc_Desktop_Java FSD Coding Challenge_codingchallenge] INFO  o.eclipse.m2e.core.internal.Bundles - 	Entry: C:\Users\gvarc\Downloads\sts java\sts-4.30.0.RELEASE\plugins\org.eclipse.m2e.maven.runtime_3.9.900.20250220-2013\jars\maven-embedder-3.9.9.jar
2025-06-09 07:51:02,576 [Worker-15: Launching Executing verify in C__Users_gvarc_Desktop_Java FSD Coding Challenge_codingchallenge] INFO  o.eclipse.m2e.core.internal.Bundles - 	Entry: C:\Users\gvarc\Downloads\sts java\sts-4.30.0.RELEASE\plugins\org.eclipse.m2e.maven.runtime_3.9.900.20250220-2013\jars\maven-model-3.9.9.jar
2025-06-09 07:51:02,576 [Worker-15: Launching Executing verify in C__Users_gvarc_Desktop_Java FSD Coding Challenge_codingchallenge] INFO  o.eclipse.m2e.core.internal.Bundles - 	Entry: C:\Users\gvarc\Downloads\sts java\sts-4.30.0.RELEASE\plugins\org.eclipse.m2e.maven.runtime_3.9.900.20250220-2013\jars\maven-model-builder-3.9.9.jar
2025-06-09 07:51:02,576 [Worker-15: Launching Executing verify in C__Users_gvarc_Desktop_Java FSD Coding Challenge_codingchallenge] INFO  o.eclipse.m2e.core.internal.Bundles - 	Entry: C:\Users\gvarc\Downloads\sts java\sts-4.30.0.RELEASE\plugins\org.eclipse.m2e.maven.runtime_3.9.900.20250220-2013\jars\maven-plugin-api-3.9.9.jar
2025-06-09 07:51:02,576 [Worker-15: Launching Executing verify in C__Users_gvarc_Desktop_Java FSD Coding Challenge_codingchallenge] INFO  o.eclipse.m2e.core.internal.Bundles - 	Entry: C:\Users\gvarc\Downloads\sts java\sts-4.30.0.RELEASE\plugins\org.eclipse.m2e.maven.runtime_3.9.900.20250220-2013\jars\maven-repository-metadata-3.9.9.jar
2025-06-09 07:51:02,577 [Worker-15: Launching Executing verify in C__Users_gvarc_Desktop_Java FSD Coding Challenge_codingchallenge] INFO  o.eclipse.m2e.core.internal.Bundles - 	Entry: C:\Users\gvarc\Downloads\sts java\sts-4.30.0.RELEASE\plugins\org.eclipse.m2e.maven.runtime_3.9.900.20250220-2013\jars\maven-resolver-api-1.9.22.jar
2025-06-09 07:51:02,577 [Worker-15: Launching Executing verify in C__Users_gvarc_Desktop_Java FSD Coding Challenge_codingchallenge] INFO  o.eclipse.m2e.core.internal.Bundles - 	Entry: C:\Users\gvarc\Downloads\sts java\sts-4.30.0.RELEASE\plugins\org.eclipse.m2e.maven.runtime_3.9.900.20250220-2013\jars\maven-resolver-connector-basic-1.9.22.jar
2025-06-09 07:51:02,577 [Worker-15: Launching Executing verify in C__Users_gvarc_Desktop_Java FSD Coding Challenge_codingchallenge] INFO  o.eclipse.m2e.core.internal.Bundles - 	Entry: C:\Users\gvarc\Downloads\sts java\sts-4.30.0.RELEASE\plugins\org.eclipse.m2e.maven.runtime_3.9.900.20250220-2013\jars\maven-resolver-impl-1.9.22.jar
2025-06-09 07:51:02,577 [Worker-15: Launching Executing verify in C__Users_gvarc_Desktop_Java FSD Coding Challenge_codingchallenge] INFO  o.eclipse.m2e.core.internal.Bundles - 	Entry: C:\Users\gvarc\Downloads\sts java\sts-4.30.0.RELEASE\plugins\org.eclipse.m2e.maven.runtime_3.9.900.20250220-2013\jars\maven-resolver-named-locks-1.9.22.jar
2025-06-09 07:51:02,577 [Worker-15: Launching Executing verify in C__Users_gvarc_Desktop_Java FSD Coding Challenge_codingchallenge] INFO  o.eclipse.m2e.core.internal.Bundles - 	Entry: C:\Users\gvarc\Downloads\sts java\sts-4.30.0.RELEASE\plugins\org.eclipse.m2e.maven.runtime_3.9.900.20250220-2013\jars\maven-resolver-provider-3.9.9.jar
2025-06-09 07:51:02,577 [Worker-15: Launching Executing verify in C__Users_gvarc_Desktop_Java FSD Coding Challenge_codingchallenge] INFO  o.eclipse.m2e.core.internal.Bundles - 	Entry: C:\Users\gvarc\Downloads\sts java\sts-4.30.0.RELEASE\plugins\org.eclipse.m2e.maven.runtime_3.9.900.20250220-2013\jars\maven-resolver-spi-1.9.22.jar
2025-06-09 07:51:02,577 [Worker-15: Launching Executing verify in C__Users_gvarc_Desktop_Java FSD Coding Challenge_codingchallenge] INFO  o.eclipse.m2e.core.internal.Bundles - 	Entry: C:\Users\gvarc\Downloads\sts java\sts-4.30.0.RELEASE\plugins\org.eclipse.m2e.maven.runtime_3.9.900.20250220-2013\jars\maven-resolver-transport-file-1.9.22.jar
2025-06-09 07:51:02,577 [Worker-15: Launching Executing verify in C__Users_gvarc_Desktop_Java FSD Coding Challenge_codingchallenge] INFO  o.eclipse.m2e.core.internal.Bundles - 	Entry: C:\Users\gvarc\Downloads\sts java\sts-4.30.0.RELEASE\plugins\org.eclipse.m2e.maven.runtime_3.9.900.20250220-2013\jars\maven-resolver-transport-http-1.9.22.jar
2025-06-09 07:51:02,577 [Worker-15: Launching Executing verify in C__Users_gvarc_Desktop_Java FSD Coding Challenge_codingchallenge] INFO  o.eclipse.m2e.core.internal.Bundles - 	Entry: C:\Users\gvarc\Downloads\sts java\sts-4.30.0.RELEASE\plugins\org.eclipse.m2e.maven.runtime_3.9.900.20250220-2013\jars\maven-resolver-transport-wagon-1.9.22.jar
2025-06-09 07:51:02,577 [Worker-15: Launching Executing verify in C__Users_gvarc_Desktop_Java FSD Coding Challenge_codingchallenge] INFO  o.eclipse.m2e.core.internal.Bundles - 	Entry: C:\Users\gvarc\Downloads\sts java\sts-4.30.0.RELEASE\plugins\org.eclipse.m2e.maven.runtime_3.9.900.20250220-2013\jars\maven-resolver-util-1.9.22.jar
2025-06-09 07:51:02,577 [Worker-15: Launching Executing verify in C__Users_gvarc_Desktop_Java FSD Coding Challenge_codingchallenge] INFO  o.eclipse.m2e.core.internal.Bundles - 	Entry: C:\Users\gvarc\Downloads\sts java\sts-4.30.0.RELEASE\plugins\org.eclipse.m2e.maven.runtime_3.9.900.20250220-2013\jars\maven-settings-3.9.9.jar
2025-06-09 07:51:02,578 [Worker-15: Launching Executing verify in C__Users_gvarc_Desktop_Java FSD Coding Challenge_codingchallenge] INFO  o.eclipse.m2e.core.internal.Bundles - 	Entry: C:\Users\gvarc\Downloads\sts java\sts-4.30.0.RELEASE\plugins\org.eclipse.m2e.maven.runtime_3.9.900.20250220-2013\jars\maven-settings-builder-3.9.9.jar
2025-06-09 07:51:02,578 [Worker-15: Launching Executing verify in C__Users_gvarc_Desktop_Java FSD Coding Challenge_codingchallenge] INFO  o.eclipse.m2e.core.internal.Bundles - 	Entry: C:\Users\gvarc\Downloads\sts java\sts-4.30.0.RELEASE\plugins\org.eclipse.m2e.maven.runtime_3.9.900.20250220-2013\jars\maven-shared-utils-3.4.2.jar
2025-06-09 07:51:02,578 [Worker-15: Launching Executing verify in C__Users_gvarc_Desktop_Java FSD Coding Challenge_codingchallenge] INFO  o.eclipse.m2e.core.internal.Bundles - 	Entry: C:\Users\gvarc\Downloads\sts java\sts-4.30.0.RELEASE\plugins\org.eclipse.m2e.maven.runtime_3.9.900.20250220-2013\jars\org.eclipse.sisu.inject-0.9.0.M3.jar
2025-06-09 07:51:02,578 [Worker-15: Launching Executing verify in C__Users_gvarc_Desktop_Java FSD Coding Challenge_codingchallenge] INFO  o.eclipse.m2e.core.internal.Bundles - 	Entry: C:\Users\gvarc\Downloads\sts java\sts-4.30.0.RELEASE\plugins\org.eclipse.m2e.maven.runtime_3.9.900.20250220-2013\jars\org.eclipse.sisu.plexus-0.9.0.M3.jar
2025-06-09 07:51:02,578 [Worker-15: Launching Executing verify in C__Users_gvarc_Desktop_Java FSD Coding Challenge_codingchallenge] INFO  o.eclipse.m2e.core.internal.Bundles - 	Entry: C:\Users\gvarc\Downloads\sts java\sts-4.30.0.RELEASE\plugins\org.eclipse.m2e.maven.runtime_3.9.900.20250220-2013\jars\plexus-build-api-0.0.7.jar
2025-06-09 07:51:02,578 [Worker-15: Launching Executing verify in C__Users_gvarc_Desktop_Java FSD Coding Challenge_codingchallenge] INFO  o.eclipse.m2e.core.internal.Bundles - 	Entry: C:\Users\gvarc\Downloads\sts java\sts-4.30.0.RELEASE\plugins\org.eclipse.m2e.maven.runtime_3.9.900.20250220-2013\jars\plexus-build-api-1.2.0.jar
2025-06-09 07:51:02,578 [Worker-15: Launching Executing verify in C__Users_gvarc_Desktop_Java FSD Coding Challenge_codingchallenge] INFO  o.eclipse.m2e.core.internal.Bundles - 	Entry: C:\Users\gvarc\Downloads\sts java\sts-4.30.0.RELEASE\plugins\org.eclipse.m2e.maven.runtime_3.9.900.20250220-2013\jars\plexus-cipher-2.0.jar
2025-06-09 07:51:02,579 [Worker-15: Launching Executing verify in C__Users_gvarc_Desktop_Java FSD Coding Challenge_codingchallenge] INFO  o.eclipse.m2e.core.internal.Bundles - 	Entry: C:\Users\gvarc\Downloads\sts java\sts-4.30.0.RELEASE\plugins\org.eclipse.m2e.maven.runtime_3.9.900.20250220-2013\jars\plexus-classworlds-2.8.0.jar
2025-06-09 07:51:02,579 [Worker-15: Launching Executing verify in C__Users_gvarc_Desktop_Java FSD Coding Challenge_codingchallenge] INFO  o.eclipse.m2e.core.internal.Bundles - 	Entry: C:\Users\gvarc\Downloads\sts java\sts-4.30.0.RELEASE\plugins\org.eclipse.m2e.maven.runtime_3.9.900.20250220-2013\jars\plexus-component-annotations-2.1.0.jar
2025-06-09 07:51:02,579 [Worker-15: Launching Executing verify in C__Users_gvarc_Desktop_Java FSD Coding Challenge_codingchallenge] INFO  o.eclipse.m2e.core.internal.Bundles - 	Entry: C:\Users\gvarc\Downloads\sts java\sts-4.30.0.RELEASE\plugins\org.eclipse.m2e.maven.runtime_3.9.900.20250220-2013\jars\plexus-interpolation-1.27.jar
2025-06-09 07:51:02,579 [Worker-15: Launching Executing verify in C__Users_gvarc_Desktop_Java FSD Coding Challenge_codingchallenge] INFO  o.eclipse.m2e.core.internal.Bundles - 	Entry: C:\Users\gvarc\Downloads\sts java\sts-4.30.0.RELEASE\plugins\org.eclipse.m2e.maven.runtime_3.9.900.20250220-2013\jars\plexus-sec-dispatcher-2.0.jar
2025-06-09 07:51:02,579 [Worker-15: Launching Executing verify in C__Users_gvarc_Desktop_Java FSD Coding Challenge_codingchallenge] INFO  o.eclipse.m2e.core.internal.Bundles - 	Entry: C:\Users\gvarc\Downloads\sts java\sts-4.30.0.RELEASE\plugins\org.eclipse.m2e.maven.runtime_3.9.900.20250220-2013\jars\plexus-utils-3.5.1.jar
2025-06-09 07:51:02,579 [Worker-15: Launching Executing verify in C__Users_gvarc_Desktop_Java FSD Coding Challenge_codingchallenge] INFO  o.eclipse.m2e.core.internal.Bundles - 	Entry: C:\Users\gvarc\Downloads\sts java\sts-4.30.0.RELEASE\plugins\org.eclipse.m2e.maven.runtime_3.9.900.20250220-2013\jars\plexus-xml-3.0.1.jar
2025-06-09 07:51:02,579 [Worker-15: Launching Executing verify in C__Users_gvarc_Desktop_Java FSD Coding Challenge_codingchallenge] INFO  o.eclipse.m2e.core.internal.Bundles - 	Entry: C:\Users\gvarc\Downloads\sts java\sts-4.30.0.RELEASE\plugins\org.eclipse.m2e.maven.runtime_3.9.900.20250220-2013\jars\wagon-file-3.5.3.jar
2025-06-09 07:51:02,579 [Worker-15: Launching Executing verify in C__Users_gvarc_Desktop_Java FSD Coding Challenge_codingchallenge] INFO  o.eclipse.m2e.core.internal.Bundles - 	Entry: C:\Users\gvarc\Downloads\sts java\sts-4.30.0.RELEASE\plugins\org.eclipse.m2e.maven.runtime_3.9.900.20250220-2013\jars\wagon-http-3.5.3.jar
2025-06-09 07:51:02,579 [Worker-15: Launching Executing verify in C__Users_gvarc_Desktop_Java FSD Coding Challenge_codingchallenge] INFO  o.eclipse.m2e.core.internal.Bundles - 	Entry: C:\Users\gvarc\Downloads\sts java\sts-4.30.0.RELEASE\plugins\org.eclipse.m2e.maven.runtime_3.9.900.20250220-2013\jars\wagon-http-shared-3.5.3.jar
2025-06-09 07:51:02,579 [Worker-15: Launching Executing verify in C__Users_gvarc_Desktop_Java FSD Coding Challenge_codingchallenge] INFO  o.eclipse.m2e.core.internal.Bundles - 	Entry: C:\Users\gvarc\Downloads\sts java\sts-4.30.0.RELEASE\plugins\org.eclipse.m2e.maven.runtime_3.9.900.20250220-2013\jars\wagon-provider-api-3.5.3.jar
2025-06-09 07:51:02,580 [Worker-15: Launching Executing verify in C__Users_gvarc_Desktop_Java FSD Coding Challenge_codingchallenge] INFO  o.eclipse.m2e.core.internal.Bundles - getClasspathEntries(Bundle=com.google.guava_33.4.0.jre [29])
2025-06-09 07:51:02,580 [Worker-15: Launching Executing verify in C__Users_gvarc_Desktop_Java FSD Coding Challenge_codingchallenge] INFO  o.eclipse.m2e.core.internal.Bundles - 	Entry: C:\Users\gvarc\Downloads\sts java\sts-4.30.0.RELEASE\plugins\com.google.guava_33.4.0.jre.jar
2025-06-09 07:51:02,580 [Worker-15: Launching Executing verify in C__Users_gvarc_Desktop_Java FSD Coding Challenge_codingchallenge] INFO  o.eclipse.m2e.core.internal.Bundles - getClasspathEntries(Bundle=slf4j.api_2.0.17 [608])
2025-06-09 07:51:02,581 [Worker-15: Launching Executing verify in C__Users_gvarc_Desktop_Java FSD Coding Challenge_codingchallenge] INFO  o.eclipse.m2e.core.internal.Bundles - 	Entry: C:\Users\gvarc\Downloads\sts java\sts-4.30.0.RELEASE\plugins\slf4j.api_2.0.17.jar
2025-06-09 07:51:02,581 [Worker-15: Launching Executing verify in C__Users_gvarc_Desktop_Java FSD Coding Challenge_codingchallenge] INFO  o.eclipse.m2e.core.internal.Bundles - getClasspathEntries(Bundle=jakarta.inject.jakarta.inject-api_1.0.5 [45])
2025-06-09 07:51:02,581 [Worker-15: Launching Executing verify in C__Users_gvarc_Desktop_Java FSD Coding Challenge_codingchallenge] INFO  o.eclipse.m2e.core.internal.Bundles - 	Entry: C:\Users\gvarc\Downloads\sts java\sts-4.30.0.RELEASE\plugins\jakarta.inject.jakarta.inject-api_1.0.5.jar
2025-06-09 07:51:02,581 [Worker-15: Launching Executing verify in C__Users_gvarc_Desktop_Java FSD Coding Challenge_codingchallenge] INFO  o.eclipse.m2e.core.internal.Bundles - getClasspathEntries(Bundle=jakarta.annotation-api_1.3.5 [41])
2025-06-09 07:51:02,582 [Worker-15: Launching Executing verify in C__Users_gvarc_Desktop_Java FSD Coding Challenge_codingchallenge] INFO  o.eclipse.m2e.core.internal.Bundles - 	Entry: C:\Users\gvarc\Downloads\sts java\sts-4.30.0.RELEASE\plugins\jakarta.annotation-api_1.3.5.jar
2025-06-09 07:51:02,582 [Worker-15: Launching Executing verify in C__Users_gvarc_Desktop_Java FSD Coding Challenge_codingchallenge] INFO  o.eclipse.m2e.core.internal.Bundles - getClasspathEntries(Bundle=org.apache.commons.cli_1.9.0 [77])
2025-06-09 07:51:02,582 [Worker-15: Launching Executing verify in C__Users_gvarc_Desktop_Java FSD Coding Challenge_codingchallenge] INFO  o.eclipse.m2e.core.internal.Bundles - 	Entry: C:\Users\gvarc\Downloads\sts java\sts-4.30.0.RELEASE\plugins\org.apache.commons.cli_1.9.0.jar
2025-06-09 07:51:02,582 [Worker-15: Launching Executing verify in C__Users_gvarc_Desktop_Java FSD Coding Challenge_codingchallenge] INFO  o.eclipse.m2e.core.internal.Bundles - getClasspathEntries(Bundle=org.apache.commons.commons-codec_1.16.0 [79])
2025-06-09 07:51:02,582 [Worker-15: Launching Executing verify in C__Users_gvarc_Desktop_Java FSD Coding Challenge_codingchallenge] INFO  o.eclipse.m2e.core.internal.Bundles - 	Entry: C:\Users\gvarc\Downloads\sts java\sts-4.30.0.RELEASE\plugins\org.apache.commons.commons-codec_1.16.0.jar
2025-06-09 07:51:02,582 [Worker-15: Launching Executing verify in C__Users_gvarc_Desktop_Java FSD Coding Challenge_codingchallenge] INFO  o.eclipse.m2e.core.internal.Bundles - getClasspathEntries(Bundle=com.google.guava.failureaccess_1.0.2 [30])
2025-06-09 07:51:02,583 [Worker-15: Launching Executing verify in C__Users_gvarc_Desktop_Java FSD Coding Challenge_codingchallenge] INFO  o.eclipse.m2e.core.internal.Bundles - 	Entry: C:\Users\gvarc\Downloads\sts java\sts-4.30.0.RELEASE\plugins\com.google.guava.failureaccess_1.0.2.jar
2025-06-09 07:51:02,586 [Worker-15: Launching Executing verify in C__Users_gvarc_Desktop_Java FSD Coding Challenge_codingchallenge] INFO  o.e.m.i.launch.MavenLaunchDelegate - Run build in "C:\Users\gvarc\Desktop\Java FSD Coding Challenge\codingchallenge":
2025-06-09 07:51:02,587 [Worker-15: Launching Executing verify in C__Users_gvarc_Desktop_Java FSD Coding Challenge_codingchallenge] INFO  o.e.m.i.launch.MavenLaunchDelegate -  mvn  -B -Dstyle.color=always verify
2025-06-09 07:52:22,179 [Worker-12: Building] INFO  o.a.m.s.f.DefaultMavenResourcesFiltering - Copying 1 resource from src\main\resources to target\classes
2025-06-09 07:52:22,182 [Worker-12: Building] INFO  o.a.m.s.f.DefaultMavenResourcesFiltering - Copying 0 resource from src\main\resources to target\classes
2025-06-09 07:52:22,184 [Worker-12: Building] INFO  o.a.m.s.f.DefaultMavenResourcesFiltering - skip non existing resourceDirectory C:\Users\gvarc\Desktop\Java FSD Coding Challenge\codingchallenge\src\test\resources
2025-06-09 07:52:28,566 [Worker-15: Launching codingchallenge - CodingchallengeApplication] INFO  o.a.m.s.f.DefaultMavenResourcesFiltering - Copying 1 resource from src\main\resources to target\classes
2025-06-09 07:52:28,568 [Worker-15: Launching codingchallenge - CodingchallengeApplication] INFO  o.a.m.s.f.DefaultMavenResourcesFiltering - Copying 0 resource from src\main\resources to target\classes
2025-06-09 07:52:28,572 [Worker-15: Launching codingchallenge - CodingchallengeApplication] INFO  o.a.m.s.f.DefaultMavenResourcesFiltering - skip non existing resourceDirectory C:\Users\gvarc\Desktop\Java FSD Coding Challenge\codingchallenge\src\test\resources
2025-06-09 07:58:25,128 [Worker-14: Building] INFO  o.a.m.s.f.DefaultMavenResourcesFiltering - Copying 1 resource from src\main\resources to target\classes
2025-06-09 07:58:25,136 [Worker-14: Building] INFO  o.a.m.s.f.DefaultMavenResourcesFiltering - Copying 0 resource from src\main\resources to target\classes
2025-06-09 07:58:25,140 [Worker-14: Building] INFO  o.a.m.s.f.DefaultMavenResourcesFiltering - skip non existing resourceDirectory C:\Users\gvarc\Desktop\Java FSD Coding Challenge\codingchallenge\src\test\resources
2025-06-09 07:59:01,386 [Worker-1: Building] INFO  o.a.m.s.f.DefaultMavenResourcesFiltering - Copying 1 resource from src\main\resources to target\classes
2025-06-09 07:59:01,392 [Worker-1: Building] INFO  o.a.m.s.f.DefaultMavenResourcesFiltering - Copying 0 resource from src\main\resources to target\classes
2025-06-09 07:59:01,396 [Worker-1: Building] INFO  o.a.m.s.f.DefaultMavenResourcesFiltering - skip non existing resourceDirectory C:\Users\gvarc\Desktop\Java FSD Coding Challenge\codingchallenge\src\test\resources
2025-06-09 09:29:30,536 [Worker-12: Building] INFO  o.a.m.s.f.DefaultMavenResourcesFiltering - Copying 1 resource from src\main\resources to target\classes
2025-06-09 09:29:30,607 [Worker-12: Building] INFO  o.a.m.s.f.DefaultMavenResourcesFiltering - Copying 0 resource from src\main\resources to target\classes
2025-06-09 09:29:30,610 [Worker-12: Building] INFO  o.a.m.s.f.DefaultMavenResourcesFiltering - skip non existing resourceDirectory C:\Users\gvarc\Desktop\Java FSD Coding Challenge\codingchallenge\src\test\resources
2025-06-09 09:32:40,185 [Worker-20: Building] INFO  o.a.m.s.f.DefaultMavenResourcesFiltering - Copying 1 resource from src\main\resources to target\classes
2025-06-09 09:32:40,195 [Worker-20: Building] INFO  o.a.m.s.f.DefaultMavenResourcesFiltering - Copying 0 resource from src\main\resources to target\classes
2025-06-09 09:32:40,200 [Worker-20: Building] INFO  o.a.m.s.f.DefaultMavenResourcesFiltering - skip non existing resourceDirectory C:\Users\gvarc\Desktop\Java FSD Coding Challenge\codingchallenge\src\test\resources
2025-06-09 09:32:50,228 [Worker-18: Building] INFO  o.a.m.s.f.DefaultMavenResourcesFiltering - Copying 1 resource from src\main\resources to target\classes
2025-06-09 09:32:50,234 [Worker-18: Building] INFO  o.a.m.s.f.DefaultMavenResourcesFiltering - Copying 0 resource from src\main\resources to target\classes
2025-06-09 09:32:50,240 [Worker-18: Building] INFO  o.a.m.s.f.DefaultMavenResourcesFiltering - skip non existing resourceDirectory C:\Users\gvarc\Desktop\Java FSD Coding Challenge\codingchallenge\src\test\resources
2025-06-09 09:33:23,718 [Worker-18: Building] INFO  o.a.m.s.f.DefaultMavenResourcesFiltering - Copying 1 resource from src\main\resources to target\classes
2025-06-09 09:33:23,734 [Worker-18: Building] INFO  o.a.m.s.f.DefaultMavenResourcesFiltering - Copying 0 resource from src\main\resources to target\classes
2025-06-09 09:33:23,739 [Worker-18: Building] INFO  o.a.m.s.f.DefaultMavenResourcesFiltering - skip non existing resourceDirectory C:\Users\gvarc\Desktop\Java FSD Coding Challenge\codingchallenge\src\test\resources
2025-06-09 09:34:10,974 [Worker-1: Building] INFO  o.a.m.s.f.DefaultMavenResourcesFiltering - Copying 1 resource from src\main\resources to target\classes
2025-06-09 09:34:10,982 [Worker-1: Building] INFO  o.a.m.s.f.DefaultMavenResourcesFiltering - Copying 0 resource from src\main\resources to target\classes
2025-06-09 09:34:10,987 [Worker-1: Building] INFO  o.a.m.s.f.DefaultMavenResourcesFiltering - skip non existing resourceDirectory C:\Users\gvarc\Desktop\Java FSD Coding Challenge\codingchallenge\src\test\resources
2025-06-09 09:34:37,909 [Start Help Server] INFO  org.eclipse.jetty.server.Server - jetty-12.0.16; built: 2024-12-09T21:02:54.535Z; git: c3f88bafb4e393f23204dc14dc57b042e84debc7; jvm 21.0.6+7-LTS
2025-06-09 09:34:38,023 [Start Help Server] INFO  o.e.j.server.handler.ContextHandler - Started oeje8n.ContextHandler$CoreContextHandler@643c5050{/help,/help,b=null,a=AVAILABLE,h=oeje8n.ContextHandler$CoreContextHandler$CoreToNestedHandler@7c87d7f4{STARTED}}
2025-06-09 09:34:38,024 [Start Help Server] INFO  o.e.j.s.DefaultSessionIdManager - Session workerName=node0
2025-06-09 09:34:38,066 [Start Help Server] INFO  o.e.jetty.server.AbstractConnector - Started ServerConnector@48c5f29{HTTP/1.1, (http/1.1)}{127.0.0.1:59520}
2025-06-09 09:34:38,077 [Start Help Server] INFO  org.eclipse.jetty.server.Server - Started oejs.Server@19901b54{STARTING}[12.0.16,sto=0] @8177535ms
2025-06-09 09:35:14,202 [Worker-15: Building] INFO  o.a.m.s.f.DefaultMavenResourcesFiltering - Copying 1 resource from src\main\resources to target\classes
2025-06-09 09:35:14,212 [Worker-15: Building] INFO  o.a.m.s.f.DefaultMavenResourcesFiltering - Copying 0 resource from src\main\resources to target\classes
2025-06-09 09:35:14,216 [Worker-15: Building] INFO  o.a.m.s.f.DefaultMavenResourcesFiltering - skip non existing resourceDirectory C:\Users\gvarc\Desktop\Java FSD Coding Challenge\codingchallenge\src\test\resources
2025-06-09 09:35:41,370 [Worker-1: Building] INFO  o.a.m.s.f.DefaultMavenResourcesFiltering - Copying 1 resource from src\main\resources to target\classes
2025-06-09 09:35:41,377 [Worker-1: Building] INFO  o.a.m.s.f.DefaultMavenResourcesFiltering - Copying 0 resource from src\main\resources to target\classes
2025-06-09 09:35:41,381 [Worker-1: Building] INFO  o.a.m.s.f.DefaultMavenResourcesFiltering - skip non existing resourceDirectory C:\Users\gvarc\Desktop\Java FSD Coding Challenge\codingchallenge\src\test\resources
2025-06-09 09:37:12,734 [Worker-15: Building] INFO  o.a.m.s.f.DefaultMavenResourcesFiltering - Copying 1 resource from src\main\resources to target\classes
2025-06-09 09:37:12,738 [Worker-15: Building] INFO  o.a.m.s.f.DefaultMavenResourcesFiltering - Copying 0 resource from src\main\resources to target\classes
2025-06-09 09:37:12,743 [Worker-15: Building] INFO  o.a.m.s.f.DefaultMavenResourcesFiltering - skip non existing resourceDirectory C:\Users\gvarc\Desktop\Java FSD Coding Challenge\codingchallenge\src\test\resources
2025-06-09 09:37:41,786 [Worker-21: Building] INFO  o.a.m.s.f.DefaultMavenResourcesFiltering - Copying 1 resource from src\main\resources to target\classes
2025-06-09 09:37:41,793 [Worker-21: Building] INFO  o.a.m.s.f.DefaultMavenResourcesFiltering - Copying 0 resource from src\main\resources to target\classes
2025-06-09 09:37:41,798 [Worker-21: Building] INFO  o.a.m.s.f.DefaultMavenResourcesFiltering - skip non existing resourceDirectory C:\Users\gvarc\Desktop\Java FSD Coding Challenge\codingchallenge\src\test\resources
2025-06-09 09:40:58,553 [Worker-21: Building] INFO  o.a.m.s.f.DefaultMavenResourcesFiltering - Copying 1 resource from src\main\resources to target\classes
2025-06-09 09:40:58,563 [Worker-21: Building] INFO  o.a.m.s.f.DefaultMavenResourcesFiltering - Copying 0 resource from src\main\resources to target\classes
2025-06-09 09:40:58,566 [Worker-21: Building] INFO  o.a.m.s.f.DefaultMavenResourcesFiltering - skip non existing resourceDirectory C:\Users\gvarc\Desktop\Java FSD Coding Challenge\codingchallenge\src\test\resources
2025-06-09 09:41:23,530 [Worker-15: Building] INFO  o.a.m.s.f.DefaultMavenResourcesFiltering - Copying 1 resource from src\main\resources to target\classes
2025-06-09 09:41:23,539 [Worker-15: Building] INFO  o.a.m.s.f.DefaultMavenResourcesFiltering - Copying 0 resource from src\main\resources to target\classes
2025-06-09 09:41:23,545 [Worker-15: Building] INFO  o.a.m.s.f.DefaultMavenResourcesFiltering - skip non existing resourceDirectory C:\Users\gvarc\Desktop\Java FSD Coding Challenge\codingchallenge\src\test\resources
2025-06-09 09:42:31,190 [Worker-19: Building] INFO  o.a.m.s.f.DefaultMavenResourcesFiltering - Copying 1 resource from src\main\resources to target\classes
2025-06-09 09:42:31,198 [Worker-19: Building] INFO  o.a.m.s.f.DefaultMavenResourcesFiltering - Copying 0 resource from src\main\resources to target\classes
2025-06-09 09:42:31,202 [Worker-19: Building] INFO  o.a.m.s.f.DefaultMavenResourcesFiltering - skip non existing resourceDirectory C:\Users\gvarc\Desktop\Java FSD Coding Challenge\codingchallenge\src\test\resources
2025-06-09 09:47:32,691 [Stop Help Server] INFO  org.eclipse.jetty.server.Server - Stopped oejs.Server@19901b54{STOPPING}[12.0.16,sto=0]
2025-06-09 09:47:32,697 [Stop Help Server] INFO  o.e.jetty.server.AbstractConnector - Stopped ServerConnector@48c5f29{HTTP/1.1, (http/1.1)}{127.0.0.1:0}
